                                 Started job on |	Jul 03 10:33:23
                             Started mapping on |	Jul 03 10:33:39
                                    Finished on |	Jul 03 10:36:04
       Mapping speed, Million of reads per hour |	175.98

                          Number of input reads |	7088189
                      Average input read length |	150
                                    UNIQUE READS:
                   Uniquely mapped reads number |	6472894
                        Uniquely mapped reads % |	91.32%
                          Average mapped length |	148.83
                       Number of splices: Total |	3225934
            Number of splices: Annotated (sjdb) |	3107101
                       Number of splices: GT/AG |	3204034
                       Number of splices: GC/AG |	13362
                       Number of splices: AT/AC |	938
               Number of splices: Non-canonical |	7600
                      Mismatch rate per base, % |	0.83%
                         Deletion rate per base |	0.02%
                        Deletion average length |	1.79
                        Insertion rate per base |	0.02%
                       Insertion average length |	1.61
                             MULTI-MAPPING READS:
        Number of reads mapped to multiple loci |	190330
             % of reads mapped to multiple loci |	2.69%
        Number of reads mapped to too many loci |	4173
             % of reads mapped to too many loci |	0.06%
                                  UNMAPPED READS:
       % of reads unmapped: too many mismatches |	0.00%
                 % of reads unmapped: too short |	5.93%
                     % of reads unmapped: other |	0.01%
                                  CHIMERIC READS:
                       Number of chimeric reads |	0
                            % of chimeric reads |	0.00%
