                                 Started job on |	Jul 03 10:33:22
                             Started mapping on |	Jul 03 10:33:39
                                    Finished on |	Jul 03 10:38:04
       Mapping speed, Million of reads per hour |	176.85

                          Number of input reads |	13018093
                      Average input read length |	150
                                    UNIQUE READS:
                   Uniquely mapped reads number |	11894338
                        Uniquely mapped reads % |	91.37%
                          Average mapped length |	148.91
                       Number of splices: Total |	5579324
            Number of splices: Annotated (sjdb) |	5380952
                       Number of splices: GT/AG |	5542472
                       Number of splices: GC/AG |	23486
                       Number of splices: AT/AC |	1816
               Number of splices: Non-canonical |	11550
                      Mismatch rate per base, % |	0.81%
                         Deletion rate per base |	0.02%
                        Deletion average length |	1.69
                        Insertion rate per base |	0.02%
                       Insertion average length |	1.58
                             MULTI-MAPPING READS:
        Number of reads mapped to multiple loci |	317888
             % of reads mapped to multiple loci |	2.44%
        Number of reads mapped to too many loci |	5791
             % of reads mapped to too many loci |	0.04%
                                  UNMAPPED READS:
       % of reads unmapped: too many mismatches |	0.00%
                 % of reads unmapped: too short |	6.14%
                     % of reads unmapped: other |	0.01%
                                  CHIMERIC READS:
                       Number of chimeric reads |	0
                            % of chimeric reads |	0.00%
