                                 Started job on |	Jul 03 10:33:22
                             Started mapping on |	Jul 03 10:33:39
                                    Finished on |	Jul 03 10:36:53
       Mapping speed, Million of reads per hour |	180.50

                          Number of input reads |	9727163
                      Average input read length |	150
                                    UNIQUE READS:
                   Uniquely mapped reads number |	8811396
                        Uniquely mapped reads % |	90.59%
                          Average mapped length |	148.84
                       Number of splices: Total |	4088689
            Number of splices: Annotated (sjdb) |	3941278
                       Number of splices: GT/AG |	4060934
                       Number of splices: GC/AG |	17248
                       Number of splices: AT/AC |	1258
               Number of splices: Non-canonical |	9249
                      Mismatch rate per base, % |	0.81%
                         Deletion rate per base |	0.02%
                        Deletion average length |	1.75
                        Insertion rate per base |	0.02%
                       Insertion average length |	1.57
                             MULTI-MAPPING READS:
        Number of reads mapped to multiple loci |	264584
             % of reads mapped to multiple loci |	2.72%
        Number of reads mapped to too many loci |	6487
             % of reads mapped to too many loci |	0.07%
                                  UNMAPPED READS:
       % of reads unmapped: too many mismatches |	0.00%
                 % of reads unmapped: too short |	6.62%
                     % of reads unmapped: other |	0.01%
                                  CHIMERIC READS:
                       Number of chimeric reads |	0
                            % of chimeric reads |	0.00%
